[ 2025-06-17 10:11:54,457 ] 161 numexpr.utils - INFO - NumExpr defaulting to 12 threads.
[ 2025-06-17 10:11:55,938 ] 19 root - INFO - Initiate the data ingestion
[ 2025-06-17 10:11:57,316 ] 65 root - INFO - Performed train test split on the dataframe
[ 2025-06-17 10:11:57,317 ] 67 root - INFO - Exited split_data_as_train_test method of Data_Ingestion class
[ 2025-06-17 10:11:57,317 ] 75 root - INFO - Exporting train and test file path.
[ 2025-06-17 10:11:57,380 ] 84 root - INFO - Exported train and test file path.
[ 2025-06-17 10:11:57,380 ] 21 root - INFO - Data Initiation Completed
[ 2025-06-17 10:11:57,389 ] 25 root - INFO - Initiate the data Validation
[ 2025-06-17 10:11:57,416 ] 32 root - INFO - Required number of columns:2
[ 2025-06-17 10:11:57,416 ] 33 root - INFO - Data frame has columns:31
[ 2025-06-17 10:11:57,416 ] 32 root - INFO - Required number of columns:2
[ 2025-06-17 10:11:57,416 ] 33 root - INFO - Data frame has columns:31
[ 2025-06-17 10:11:57,581 ] 27 root - INFO - data Validation Completed
[ 2025-06-17 10:11:57,581 ] 30 root - INFO - Datatransformation started
[ 2025-06-17 10:11:57,581 ] 46 root - INFO - Entered initiate_data_transformation method of DataTransformation class
[ 2025-06-17 10:11:57,581 ] 48 root - INFO - Starting data transformation
[ 2025-06-17 10:11:57,581 ] 26 root - INFO - Reading data from Artifacts\06_17_2025_10_11_54\data_ingestion\ingested\train.csv
[ 2025-06-17 10:11:57,598 ] 26 root - INFO - Reading data from Artifacts\06_17_2025_10_11_54\data_ingestion\ingested\test.csv
[ 2025-06-17 10:11:57,610 ] 56 root - INFO - Input features for training: ['having_IP_Address', 'URL_Length', 'Shortining_Service', 'having_At_Symbol', 'double_slash_redirecting', 'Prefix_Suffix', 'having_Sub_Domain', 'SSLfinal_State', 'Domain_registeration_length', 'Favicon', 'port', 'HTTPS_token', 'Request_URL', 'URL_of_Anchor', 'Links_in_tags', 'SFH', 'Submitting_to_email', 'Abnormal_URL', 'Redirect', 'on_mouseover', 'RightClick', 'popUpWidnow', 'Iframe', 'age_of_domain', 'DNSRecord', 'web_traffic', 'Page_Rank', 'Google_Index', 'Links_pointing_to_page', 'Statistical_report']
[ 2025-06-17 10:11:57,610 ] 57 root - INFO - Target feature for training: Result
[ 2025-06-17 10:11:57,612 ] 63 root - INFO - Input features for testing: ['having_IP_Address', 'URL_Length', 'Shortining_Service', 'having_At_Symbol', 'double_slash_redirecting', 'Prefix_Suffix', 'having_Sub_Domain', 'SSLfinal_State', 'Domain_registeration_length', 'Favicon', 'port', 'HTTPS_token', 'Request_URL', 'URL_of_Anchor', 'Links_in_tags', 'SFH', 'Submitting_to_email', 'Abnormal_URL', 'Redirect', 'on_mouseover', 'RightClick', 'popUpWidnow', 'Iframe', 'age_of_domain', 'DNSRecord', 'web_traffic', 'Page_Rank', 'Google_Index', 'Links_pointing_to_page', 'Statistical_report']
[ 2025-06-17 10:11:57,612 ] 64 root - INFO - Target feature for testing: Result
[ 2025-06-17 10:11:57,612 ] 36 root - INFO - Creating data transformation pipeline with KNNImputer
[ 2025-06-17 10:11:57,612 ] 38 root - INFO - initialise KNNImputer with parameters: {'missing_values': nan, 'n_neighbors': 3, 'weights': 'uniform'}
[ 2025-06-17 10:11:57,619 ] 68 root - INFO - Fitting the preprocessor on training data
[ 2025-06-17 10:11:57,632 ] 60 root - INFO - Entred the save_object method of mainutils class
[ 2025-06-17 10:11:57,637 ] 64 root - INFO - Exited the save_object method of mainutils class
[ 2025-06-17 10:11:57,638 ] 34 root - INFO - data transformation completed
[ 2025-06-17 10:11:57,638 ] 36 root - INFO - model training started
[ 2025-06-17 10:15:14,984 ] 60 root - INFO - Entred the save_object method of mainutils class
[ 2025-06-17 10:15:14,985 ] 64 root - INFO - Exited the save_object method of mainutils class
[ 2025-06-17 10:15:14,985 ] 60 root - INFO - Entred the save_object method of mainutils class
[ 2025-06-17 10:15:14,993 ] 64 root - INFO - Exited the save_object method of mainutils class
[ 2025-06-17 10:15:14,993 ] 113 root - INFO - Model trainer artifact: ModelTrainerArtifact(trained_model_file_path='Artifacts\\06_17_2025_10_11_54\\model_trainer\\trained_model\\model.pkl', train_metric_artifact=ClassificationMetricArtifact(f1_score=0.9912271856408188, precision_score=0.9895309039661767, recall_score=0.9929292929292929), test_metric_artifact=ClassificationMetricArtifact(f1_score=0.9708418891170432, precision_score=0.9625407166123778, recall_score=0.9792874896437448))
[ 2025-06-17 10:15:14,995 ] 40 root - INFO - Model Training Completed
