[ 2025-06-20 14:53:08,667 ] 161 numexpr.utils - INFO - NumExpr defaulting to 12 threads.
[ 2025-06-20 14:53:12,702 ] 1025 httpx - INFO - HTTP Request: GET https://dagshub.com/api/v1/user "HTTP/1.1 200 OK"
[ 2025-06-20 14:53:12,708 ] 107 dagshub - INFO - Accessing as bayi.rida
[ 2025-06-20 14:53:12,940 ] 1025 httpx - INFO - HTTP Request: GET https://dagshub.com/api/v1/repos/bayi.rida/NetworkSecurity "HTTP/1.1 200 OK"
[ 2025-06-20 14:53:13,152 ] 1025 httpx - INFO - HTTP Request: GET https://dagshub.com/api/v1/user "HTTP/1.1 200 OK"
[ 2025-06-20 14:53:13,156 ] 107 dagshub - INFO - Initialized MLflow to track repo "bayi.rida/NetworkSecurity"
[ 2025-06-20 14:53:13,157 ] 107 dagshub - INFO - Repository bayi.rida/NetworkSecurity initialized!
[ 2025-06-20 14:59:28,803 ] 36 root - INFO - Start data Ingestion
[ 2025-06-20 14:59:31,019 ] 65 root - INFO - Performed train test split on the dataframe
[ 2025-06-20 14:59:31,019 ] 67 root - INFO - Exited split_data_as_train_test method of Data_Ingestion class
[ 2025-06-20 14:59:31,021 ] 75 root - INFO - Exporting train and test file path.
[ 2025-06-20 14:59:31,084 ] 84 root - INFO - Exported train and test file path.
[ 2025-06-20 14:59:31,085 ] 39 root - INFO - Data Ingestion completed and artifact: DataIngestionArtifact(trained_file_path='Artifacts\\06_20_2025_14_53_08\\data_ingestion\\ingested\\train.csv', test_file_path='Artifacts\\06_20_2025_14_53_08\\data_ingestion\\ingested\\test.csv')
[ 2025-06-20 14:59:31,093 ] 49 root - INFO - Initiate the data Validation
[ 2025-06-20 14:59:31,118 ] 32 root - INFO - Required number of columns:2
[ 2025-06-20 14:59:31,118 ] 33 root - INFO - Data frame has columns:31
[ 2025-06-20 14:59:31,119 ] 32 root - INFO - Required number of columns:2
[ 2025-06-20 14:59:31,119 ] 33 root - INFO - Data frame has columns:31
[ 2025-06-20 14:59:31,304 ] 46 root - INFO - Entered initiate_data_transformation method of DataTransformation class
[ 2025-06-20 14:59:31,304 ] 48 root - INFO - Starting data transformation
[ 2025-06-20 14:59:31,304 ] 26 root - INFO - Reading data from Artifacts\06_20_2025_14_53_08\data_ingestion\ingested\train.csv
[ 2025-06-20 14:59:31,331 ] 26 root - INFO - Reading data from Artifacts\06_20_2025_14_53_08\data_ingestion\ingested\test.csv
[ 2025-06-20 14:59:31,340 ] 56 root - INFO - Input features for training: ['having_IP_Address', 'URL_Length', 'Shortining_Service', 'having_At_Symbol', 'double_slash_redirecting', 'Prefix_Suffix', 'having_Sub_Domain', 'SSLfinal_State', 'Domain_registeration_length', 'Favicon', 'port', 'HTTPS_token', 'Request_URL', 'URL_of_Anchor', 'Links_in_tags', 'SFH', 'Submitting_to_email', 'Abnormal_URL', 'Redirect', 'on_mouseover', 'RightClick', 'popUpWidnow', 'Iframe', 'age_of_domain', 'DNSRecord', 'web_traffic', 'Page_Rank', 'Google_Index', 'Links_pointing_to_page', 'Statistical_report']
[ 2025-06-20 14:59:31,340 ] 57 root - INFO - Target feature for training: Result
[ 2025-06-20 14:59:31,341 ] 63 root - INFO - Input features for testing: ['having_IP_Address', 'URL_Length', 'Shortining_Service', 'having_At_Symbol', 'double_slash_redirecting', 'Prefix_Suffix', 'having_Sub_Domain', 'SSLfinal_State', 'Domain_registeration_length', 'Favicon', 'port', 'HTTPS_token', 'Request_URL', 'URL_of_Anchor', 'Links_in_tags', 'SFH', 'Submitting_to_email', 'Abnormal_URL', 'Redirect', 'on_mouseover', 'RightClick', 'popUpWidnow', 'Iframe', 'age_of_domain', 'DNSRecord', 'web_traffic', 'Page_Rank', 'Google_Index', 'Links_pointing_to_page', 'Statistical_report']
[ 2025-06-20 14:59:31,341 ] 64 root - INFO - Target feature for testing: Result
[ 2025-06-20 14:59:31,341 ] 36 root - INFO - Creating data transformation pipeline with KNNImputer
[ 2025-06-20 14:59:31,341 ] 38 root - INFO - initialise KNNImputer with parameters: {'missing_values': nan, 'n_neighbors': 3, 'weights': 'uniform'}
[ 2025-06-20 14:59:31,346 ] 68 root - INFO - Fitting the preprocessor on training data
[ 2025-06-20 14:59:31,372 ] 60 root - INFO - Entred the save_object method of mainutils class
[ 2025-06-20 14:59:31,379 ] 64 root - INFO - Exited the save_object method of mainutils class
[ 2025-06-20 14:59:31,380 ] 60 root - INFO - Entred the save_object method of mainutils class
[ 2025-06-20 14:59:31,385 ] 64 root - INFO - Exited the save_object method of mainutils class
[ 2025-06-20 15:03:50,602 ] 60 root - INFO - Entred the save_object method of mainutils class
[ 2025-06-20 15:03:50,604 ] 64 root - INFO - Exited the save_object method of mainutils class
[ 2025-06-20 15:03:50,604 ] 60 root - INFO - Entred the save_object method of mainutils class
[ 2025-06-20 15:03:50,629 ] 64 root - INFO - Exited the save_object method of mainutils class
[ 2025-06-20 15:03:50,629 ] 125 root - INFO - Model trainer artifact: ModelTrainerArtifact(trained_model_file_path='Artifacts\\06_20_2025_14_53_08\\model_trainer\\trained_model\\model.pkl', train_metric_artifact=ClassificationMetricArtifact(f1_score=0.9909072539907052, precision_score=0.9885103809715783, recall_score=0.9933157788130443), test_metric_artifact=ClassificationMetricArtifact(f1_score=0.9735234215885947, precision_score=0.9676113360323887, recall_score=0.9795081967213115))
