[ 2025-06-17 09:25:55,424 ] 161 numexpr.utils - INFO - NumExpr defaulting to 12 threads.
[ 2025-06-17 09:25:57,699 ] 17 root - INFO - Initiate the data ingestion
[ 2025-06-17 09:25:59,455 ] 65 root - INFO - Performed train test split on the dataframe
[ 2025-06-17 09:25:59,456 ] 67 root - INFO - Exited split_data_as_train_test method of Data_Ingestion class
[ 2025-06-17 09:25:59,456 ] 75 root - INFO - Exporting train and test file path.
[ 2025-06-17 09:25:59,521 ] 84 root - INFO - Exported train and test file path.
[ 2025-06-17 09:25:59,522 ] 19 root - INFO - Data Initiation Completed
[ 2025-06-17 09:25:59,532 ] 23 root - INFO - Initiate the data Validation
[ 2025-06-17 09:25:59,561 ] 32 root - INFO - Required number of columns:2
[ 2025-06-17 09:25:59,561 ] 33 root - INFO - Data frame has columns:31
[ 2025-06-17 09:25:59,561 ] 32 root - INFO - Required number of columns:2
[ 2025-06-17 09:25:59,561 ] 33 root - INFO - Data frame has columns:31
[ 2025-06-17 09:25:59,724 ] 25 root - INFO - data Validation Completed
[ 2025-06-17 09:25:59,725 ] 28 root - INFO - Datatransformation started
[ 2025-06-17 09:25:59,725 ] 46 root - INFO - Entered initiate_data_transformation method of DataTransformation class
[ 2025-06-17 09:25:59,725 ] 48 root - INFO - Starting data transformation
[ 2025-06-17 09:25:59,725 ] 26 root - INFO - Reading data from Artifacts\06_17_2025_09_25_55\data_ingestion\ingested\train.csv
[ 2025-06-17 09:25:59,744 ] 26 root - INFO - Reading data from Artifacts\06_17_2025_09_25_55\data_ingestion\ingested\test.csv
[ 2025-06-17 09:25:59,756 ] 56 root - INFO - Input features for training: ['having_IP_Address', 'URL_Length', 'Shortining_Service', 'having_At_Symbol', 'double_slash_redirecting', 'Prefix_Suffix', 'having_Sub_Domain', 'SSLfinal_State', 'Domain_registeration_length', 'Favicon', 'port', 'HTTPS_token', 'Request_URL', 'URL_of_Anchor', 'Links_in_tags', 'SFH', 'Submitting_to_email', 'Abnormal_URL', 'Redirect', 'on_mouseover', 'RightClick', 'popUpWidnow', 'Iframe', 'age_of_domain', 'DNSRecord', 'web_traffic', 'Page_Rank', 'Google_Index', 'Links_pointing_to_page', 'Statistical_report']
[ 2025-06-17 09:25:59,756 ] 57 root - INFO - Target feature for training: Result
[ 2025-06-17 09:25:59,758 ] 63 root - INFO - Input features for testing: ['having_IP_Address', 'URL_Length', 'Shortining_Service', 'having_At_Symbol', 'double_slash_redirecting', 'Prefix_Suffix', 'having_Sub_Domain', 'SSLfinal_State', 'Domain_registeration_length', 'Favicon', 'port', 'HTTPS_token', 'Request_URL', 'URL_of_Anchor', 'Links_in_tags', 'SFH', 'Submitting_to_email', 'Abnormal_URL', 'Redirect', 'on_mouseover', 'RightClick', 'popUpWidnow', 'Iframe', 'age_of_domain', 'DNSRecord', 'web_traffic', 'Page_Rank', 'Google_Index', 'Links_pointing_to_page', 'Statistical_report']
[ 2025-06-17 09:25:59,758 ] 64 root - INFO - Target feature for testing: Result
[ 2025-06-17 09:25:59,758 ] 36 root - INFO - Creating data transformation pipeline with KNNImputer
[ 2025-06-17 09:25:59,758 ] 38 root - INFO - initialise KNNImputer with parameters: {'missing_values': nan, 'n_neighbors': 3, 'weights': 'uniform'}
[ 2025-06-17 09:25:59,762 ] 68 root - INFO - Fitting the preprocessor on training data
[ 2025-06-17 09:25:59,777 ] 56 root - INFO - Entred the save_object method of mainutils class
[ 2025-06-17 09:25:59,783 ] 60 root - INFO - Exited the save_object method of mainutils class
[ 2025-06-17 09:25:59,784 ] 32 root - INFO - data transformation completed
[ 2025-06-17 09:25:59,785 ] 34 root - INFO - model training started
