[ 2025-06-17 10:08:25,805 ] 161 numexpr.utils - INFO - NumExpr defaulting to 12 threads.
[ 2025-06-17 10:08:27,561 ] 19 root - INFO - Initiate the data ingestion
[ 2025-06-17 10:08:29,354 ] 65 root - INFO - Performed train test split on the dataframe
[ 2025-06-17 10:08:29,354 ] 67 root - INFO - Exited split_data_as_train_test method of Data_Ingestion class
[ 2025-06-17 10:08:29,355 ] 75 root - INFO - Exporting train and test file path.
[ 2025-06-17 10:08:29,440 ] 84 root - INFO - Exported train and test file path.
[ 2025-06-17 10:08:29,441 ] 21 root - INFO - Data Initiation Completed
[ 2025-06-17 10:08:29,454 ] 25 root - INFO - Initiate the data Validation
[ 2025-06-17 10:08:29,500 ] 32 root - INFO - Required number of columns:2
[ 2025-06-17 10:08:29,500 ] 33 root - INFO - Data frame has columns:31
[ 2025-06-17 10:08:29,500 ] 32 root - INFO - Required number of columns:2
[ 2025-06-17 10:08:29,500 ] 33 root - INFO - Data frame has columns:31
[ 2025-06-17 10:08:29,666 ] 27 root - INFO - data Validation Completed
[ 2025-06-17 10:08:29,667 ] 30 root - INFO - Datatransformation started
[ 2025-06-17 10:08:29,667 ] 46 root - INFO - Entered initiate_data_transformation method of DataTransformation class
[ 2025-06-17 10:08:29,667 ] 48 root - INFO - Starting data transformation
[ 2025-06-17 10:08:29,667 ] 26 root - INFO - Reading data from Artifacts\06_17_2025_10_08_26\data_ingestion\ingested\train.csv
[ 2025-06-17 10:08:29,693 ] 26 root - INFO - Reading data from Artifacts\06_17_2025_10_08_26\data_ingestion\ingested\test.csv
[ 2025-06-17 10:08:29,702 ] 56 root - INFO - Input features for training: ['having_IP_Address', 'URL_Length', 'Shortining_Service', 'having_At_Symbol', 'double_slash_redirecting', 'Prefix_Suffix', 'having_Sub_Domain', 'SSLfinal_State', 'Domain_registeration_length', 'Favicon', 'port', 'HTTPS_token', 'Request_URL', 'URL_of_Anchor', 'Links_in_tags', 'SFH', 'Submitting_to_email', 'Abnormal_URL', 'Redirect', 'on_mouseover', 'RightClick', 'popUpWidnow', 'Iframe', 'age_of_domain', 'DNSRecord', 'web_traffic', 'Page_Rank', 'Google_Index', 'Links_pointing_to_page', 'Statistical_report']
[ 2025-06-17 10:08:29,702 ] 57 root - INFO - Target feature for training: Result
[ 2025-06-17 10:08:29,703 ] 63 root - INFO - Input features for testing: ['having_IP_Address', 'URL_Length', 'Shortining_Service', 'having_At_Symbol', 'double_slash_redirecting', 'Prefix_Suffix', 'having_Sub_Domain', 'SSLfinal_State', 'Domain_registeration_length', 'Favicon', 'port', 'HTTPS_token', 'Request_URL', 'URL_of_Anchor', 'Links_in_tags', 'SFH', 'Submitting_to_email', 'Abnormal_URL', 'Redirect', 'on_mouseover', 'RightClick', 'popUpWidnow', 'Iframe', 'age_of_domain', 'DNSRecord', 'web_traffic', 'Page_Rank', 'Google_Index', 'Links_pointing_to_page', 'Statistical_report']
[ 2025-06-17 10:08:29,703 ] 64 root - INFO - Target feature for testing: Result
[ 2025-06-17 10:08:29,703 ] 36 root - INFO - Creating data transformation pipeline with KNNImputer
[ 2025-06-17 10:08:29,703 ] 38 root - INFO - initialise KNNImputer with parameters: {'missing_values': nan, 'n_neighbors': 3, 'weights': 'uniform'}
[ 2025-06-17 10:08:29,707 ] 68 root - INFO - Fitting the preprocessor on training data
