[ 2025-06-17 09:27:29,895 ] 161 numexpr.utils - INFO - NumExpr defaulting to 12 threads.
[ 2025-06-17 09:27:31,987 ] 17 root - INFO - Initiate the data ingestion
[ 2025-06-17 09:27:33,703 ] 65 root - INFO - Performed train test split on the dataframe
[ 2025-06-17 09:27:33,703 ] 67 root - INFO - Exited split_data_as_train_test method of Data_Ingestion class
[ 2025-06-17 09:27:33,704 ] 75 root - INFO - Exporting train and test file path.
[ 2025-06-17 09:27:33,780 ] 84 root - INFO - Exported train and test file path.
[ 2025-06-17 09:27:33,781 ] 19 root - INFO - Data Initiation Completed
[ 2025-06-17 09:27:33,792 ] 23 root - INFO - Initiate the data Validation
[ 2025-06-17 09:27:33,836 ] 32 root - INFO - Required number of columns:2
[ 2025-06-17 09:27:33,836 ] 33 root - INFO - Data frame has columns:31
[ 2025-06-17 09:27:33,836 ] 32 root - INFO - Required number of columns:2
[ 2025-06-17 09:27:33,837 ] 33 root - INFO - Data frame has columns:31
[ 2025-06-17 09:27:34,085 ] 25 root - INFO - data Validation Completed
[ 2025-06-17 09:27:34,085 ] 28 root - INFO - Datatransformation started
[ 2025-06-17 09:27:34,086 ] 46 root - INFO - Entered initiate_data_transformation method of DataTransformation class
[ 2025-06-17 09:27:34,086 ] 48 root - INFO - Starting data transformation
[ 2025-06-17 09:27:34,086 ] 26 root - INFO - Reading data from Artifacts\06_17_2025_09_27_30\data_ingestion\ingested\train.csv
[ 2025-06-17 09:27:34,115 ] 26 root - INFO - Reading data from Artifacts\06_17_2025_09_27_30\data_ingestion\ingested\test.csv
[ 2025-06-17 09:27:34,125 ] 56 root - INFO - Input features for training: ['having_IP_Address', 'URL_Length', 'Shortining_Service', 'having_At_Symbol', 'double_slash_redirecting', 'Prefix_Suffix', 'having_Sub_Domain', 'SSLfinal_State', 'Domain_registeration_length', 'Favicon', 'port', 'HTTPS_token', 'Request_URL', 'URL_of_Anchor', 'Links_in_tags', 'SFH', 'Submitting_to_email', 'Abnormal_URL', 'Redirect', 'on_mouseover', 'RightClick', 'popUpWidnow', 'Iframe', 'age_of_domain', 'DNSRecord', 'web_traffic', 'Page_Rank', 'Google_Index', 'Links_pointing_to_page', 'Statistical_report']
[ 2025-06-17 09:27:34,126 ] 57 root - INFO - Target feature for training: Result
[ 2025-06-17 09:27:34,126 ] 63 root - INFO - Input features for testing: ['having_IP_Address', 'URL_Length', 'Shortining_Service', 'having_At_Symbol', 'double_slash_redirecting', 'Prefix_Suffix', 'having_Sub_Domain', 'SSLfinal_State', 'Domain_registeration_length', 'Favicon', 'port', 'HTTPS_token', 'Request_URL', 'URL_of_Anchor', 'Links_in_tags', 'SFH', 'Submitting_to_email', 'Abnormal_URL', 'Redirect', 'on_mouseover', 'RightClick', 'popUpWidnow', 'Iframe', 'age_of_domain', 'DNSRecord', 'web_traffic', 'Page_Rank', 'Google_Index', 'Links_pointing_to_page', 'Statistical_report']
[ 2025-06-17 09:27:34,126 ] 64 root - INFO - Target feature for testing: Result
[ 2025-06-17 09:27:34,127 ] 36 root - INFO - Creating data transformation pipeline with KNNImputer
[ 2025-06-17 09:27:34,127 ] 38 root - INFO - initialise KNNImputer with parameters: {'missing_values': nan, 'n_neighbors': 3, 'weights': 'uniform'}
[ 2025-06-17 09:27:34,131 ] 68 root - INFO - Fitting the preprocessor on training data
[ 2025-06-17 09:27:34,148 ] 56 root - INFO - Entred the save_object method of mainutils class
[ 2025-06-17 09:27:34,154 ] 60 root - INFO - Exited the save_object method of mainutils class
[ 2025-06-17 09:27:34,156 ] 32 root - INFO - data transformation completed
[ 2025-06-17 09:27:34,156 ] 34 root - INFO - model training started
