[ 2025-06-13 21:28:53,452 ] 161 numexpr.utils - INFO - NumExpr defaulting to 12 threads.
[ 2025-06-13 21:28:55,386 ] 16 root - INFO - Initiate the data ingestion
[ 2025-06-13 21:28:57,138 ] 65 root - INFO - Performed train test split on the dataframe
[ 2025-06-13 21:28:57,138 ] 67 root - INFO - Exited split_data_as_train_test method of Data_Ingestion class
[ 2025-06-13 21:28:57,139 ] 75 root - INFO - Exporting train and test file path.
[ 2025-06-13 21:28:57,211 ] 84 root - INFO - Exported train and test file path.
[ 2025-06-13 21:28:57,211 ] 18 root - INFO - Data Initiation Completed
[ 2025-06-13 21:28:57,219 ] 22 root - INFO - Initiate the data Validation
[ 2025-06-13 21:28:57,246 ] 32 root - INFO - Required number of columns:2
[ 2025-06-13 21:28:57,246 ] 33 root - INFO - Data frame has columns:31
[ 2025-06-13 21:28:57,246 ] 32 root - INFO - Required number of columns:2
[ 2025-06-13 21:28:57,246 ] 33 root - INFO - Data frame has columns:31
[ 2025-06-13 21:28:57,409 ] 24 root - INFO - data Validation Completed
[ 2025-06-13 21:28:57,409 ] 27 root - INFO - Datatransformation started
[ 2025-06-13 21:28:57,409 ] 46 root - INFO - Entered initiate_data_transformation method of DataTransformation class
[ 2025-06-13 21:28:57,409 ] 48 root - INFO - Starting data transformation
[ 2025-06-13 21:28:57,409 ] 26 root - INFO - Reading data from Artifacts\06_13_2025_21_28_53\data_ingestion\ingested\train.csv
[ 2025-06-13 21:28:57,430 ] 26 root - INFO - Reading data from Artifacts\06_13_2025_21_28_53\data_ingestion\ingested\test.csv
[ 2025-06-13 21:28:57,442 ] 56 root - INFO - Input features for training: ['having_IP_Address', 'URL_Length', 'Shortining_Service', 'having_At_Symbol', 'double_slash_redirecting', 'Prefix_Suffix', 'having_Sub_Domain', 'SSLfinal_State', 'Domain_registeration_length', 'Favicon', 'port', 'HTTPS_token', 'Request_URL', 'URL_of_Anchor', 'Links_in_tags', 'SFH', 'Submitting_to_email', 'Abnormal_URL', 'Redirect', 'on_mouseover', 'RightClick', 'popUpWidnow', 'Iframe', 'age_of_domain', 'DNSRecord', 'web_traffic', 'Page_Rank', 'Google_Index', 'Links_pointing_to_page', 'Statistical_report']
[ 2025-06-13 21:28:57,442 ] 57 root - INFO - Target feature for training: Result
[ 2025-06-13 21:28:57,442 ] 63 root - INFO - Input features for testing: ['having_IP_Address', 'URL_Length', 'Shortining_Service', 'having_At_Symbol', 'double_slash_redirecting', 'Prefix_Suffix', 'having_Sub_Domain', 'SSLfinal_State', 'Domain_registeration_length', 'Favicon', 'port', 'HTTPS_token', 'Request_URL', 'URL_of_Anchor', 'Links_in_tags', 'SFH', 'Submitting_to_email', 'Abnormal_URL', 'Redirect', 'on_mouseover', 'RightClick', 'popUpWidnow', 'Iframe', 'age_of_domain', 'DNSRecord', 'web_traffic', 'Page_Rank', 'Google_Index', 'Links_pointing_to_page', 'Statistical_report']
[ 2025-06-13 21:28:57,443 ] 64 root - INFO - Target feature for testing: Result
[ 2025-06-13 21:28:57,443 ] 36 root - INFO - Creating data transformation pipeline with KNNImputer
[ 2025-06-13 21:28:57,443 ] 38 root - INFO - initialise KNNImputer with parameters: {'missing_values': nan, 'n_neighbors': 3, 'weights': 'uniform'}
[ 2025-06-13 21:28:57,448 ] 68 root - INFO - Fitting the preprocessor on training data
[ 2025-06-13 21:28:57,464 ] 56 root - INFO - Entred the save_object method of mainutils class
[ 2025-06-13 21:28:57,470 ] 60 root - INFO - Exited the save_object method of mainutils class
