[ 2025-06-13 21:25:42,975 ] 161 numexpr.utils - INFO - NumExpr defaulting to 12 threads.
[ 2025-06-13 21:25:45,727 ] 16 root - INFO - Initiate the data ingestion
[ 2025-06-13 21:25:47,557 ] 65 root - INFO - Performed train test split on the dataframe
[ 2025-06-13 21:25:47,557 ] 67 root - INFO - Exited split_data_as_train_test method of Data_Ingestion class
[ 2025-06-13 21:25:47,558 ] 75 root - INFO - Exporting train and test file path.
[ 2025-06-13 21:25:47,623 ] 84 root - INFO - Exported train and test file path.
[ 2025-06-13 21:25:47,623 ] 18 root - INFO - Data Initiation Completed
[ 2025-06-13 21:25:47,632 ] 22 root - INFO - Initiate the data Validation
[ 2025-06-13 21:25:47,663 ] 32 root - INFO - Required number of columns:2
[ 2025-06-13 21:25:47,663 ] 33 root - INFO - Data frame has columns:31
[ 2025-06-13 21:25:47,663 ] 32 root - INFO - Required number of columns:2
[ 2025-06-13 21:25:47,663 ] 33 root - INFO - Data frame has columns:31
[ 2025-06-13 21:25:47,857 ] 24 root - INFO - data Validation Completed
[ 2025-06-13 21:25:47,857 ] 27 root - INFO - Datatransformation started
[ 2025-06-13 21:25:47,857 ] 46 root - INFO - Entered initiate_data_transformation method of DataTransformation class
[ 2025-06-13 21:25:47,857 ] 48 root - INFO - Starting data transformation
[ 2025-06-13 21:25:47,857 ] 26 root - INFO - Reading data from Artifacts\06_13_2025_21_25_43\data_ingestion\ingested\train.csv
[ 2025-06-13 21:25:47,880 ] 26 root - INFO - Reading data from Artifacts\06_13_2025_21_25_43\data_ingestion\ingested\test.csv
[ 2025-06-13 21:25:47,887 ] 56 root - INFO - Input features for training: ['having_IP_Address', 'URL_Length', 'Shortining_Service', 'having_At_Symbol', 'double_slash_redirecting', 'Prefix_Suffix', 'having_Sub_Domain', 'SSLfinal_State', 'Domain_registeration_length', 'Favicon', 'port', 'HTTPS_token', 'Request_URL', 'URL_of_Anchor', 'Links_in_tags', 'SFH', 'Submitting_to_email', 'Abnormal_URL', 'Redirect', 'on_mouseover', 'RightClick', 'popUpWidnow', 'Iframe', 'age_of_domain', 'DNSRecord', 'web_traffic', 'Page_Rank', 'Google_Index', 'Links_pointing_to_page', 'Statistical_report']
[ 2025-06-13 21:25:47,887 ] 57 root - INFO - Target feature for training: Result
[ 2025-06-13 21:25:47,888 ] 63 root - INFO - Input features for testing: ['having_IP_Address', 'URL_Length', 'Shortining_Service', 'having_At_Symbol', 'double_slash_redirecting', 'Prefix_Suffix', 'having_Sub_Domain', 'SSLfinal_State', 'Domain_registeration_length', 'Favicon', 'port', 'HTTPS_token', 'Request_URL', 'URL_of_Anchor', 'Links_in_tags', 'SFH', 'Submitting_to_email', 'Abnormal_URL', 'Redirect', 'on_mouseover', 'RightClick', 'popUpWidnow', 'Iframe', 'age_of_domain', 'DNSRecord', 'web_traffic', 'Page_Rank', 'Google_Index', 'Links_pointing_to_page', 'Statistical_report']
[ 2025-06-13 21:25:47,888 ] 64 root - INFO - Target feature for testing: Result
[ 2025-06-13 21:25:47,888 ] 36 root - INFO - Creating data transformation pipeline with KNNImputer
[ 2025-06-13 21:25:47,888 ] 38 root - INFO - initialise KNNImputer with parameters: {'missing_values': nan, 'n_neighbors': 3, 'weights': 'uniform'}
[ 2025-06-13 21:25:47,891 ] 68 root - INFO - Fitting the preprocessor on training data
